\BOOKMARK [1][-]{section.1}{Introducci\363}{}% 1
\BOOKMARK [1][-]{section.2}{Descripci\363 del Problema}{}% 2
\BOOKMARK [1][-]{section.3}{Fase 1: Recollida de Dades}{}% 3
\BOOKMARK [2][-]{subsection.3.1}{Descripci\363}{section.3}% 4
\BOOKMARK [2][-]{subsection.3.2}{Tecnolog\355es}{section.3}% 5
\BOOKMARK [3][-]{subsubsection.3.2.1}{Google Cloud Plataform}{subsection.3.2}% 6
\BOOKMARK [3][-]{subsubsection.3.2.2}{Youtube API}{subsection.3.2}% 7
\BOOKMARK [3][-]{subsubsection.3.2.3}{Youtube Transcript API}{subsection.3.2}% 8
\BOOKMARK [2][-]{subsection.3.3}{An\340lisis}{section.3}% 9
\BOOKMARK [1][-]{section.4}{Fase 2: Transformaci\363 de les Dades}{}% 10
\BOOKMARK [2][-]{subsection.4.1}{Descripci\363}{section.4}% 11
\BOOKMARK [2][-]{subsection.4.2}{Tecnolog\355es}{section.4}% 12
\BOOKMARK [3][-]{subsubsection.4.2.1}{HuggingFace Project}{subsection.4.2}% 13
\BOOKMARK [3][-]{subsubsection.4.2.2}{Text Sumarization}{subsection.4.2}% 14
\BOOKMARK [3][-]{subsubsection.4.2.3}{ElementTree XML API}{subsection.4.2}% 15
\BOOKMARK [3][-]{subsubsection.4.2.4}{Sentiment Analysis}{subsection.4.2}% 16
\BOOKMARK [2][-]{subsection.4.3}{An\340lisis}{section.4}% 17
\BOOKMARK [1][-]{section.5}{Implementaci\363 Fase 1 i 2}{}% 18
\BOOKMARK [2][-]{subsection.5.1}{Diagrama de Classes}{section.5}% 19
\BOOKMARK [2][-]{subsection.5.2}{Recollida de Dades}{section.5}% 20
\BOOKMARK [2][-]{subsection.5.3}{Construcci\363 de l'arbre}{section.5}% 21
\BOOKMARK [3][-]{subsubsection.5.3.1}{Soluci\363 Interactiva}{subsection.5.3}% 22
\BOOKMARK [3][-]{subsubsection.5.3.2}{Soluci\363 Autom\340tica}{subsection.5.3}% 23
\BOOKMARK [2][-]{subsection.5.4}{Construcci\363 XML}{section.5}% 24
\BOOKMARK [1][-]{section.6}{Tests}{}% 25
\BOOKMARK [1][-]{section.7}{Fase 3: Integraci\363}{}% 26
\BOOKMARK [2][-]{subsection.7.1}{Descripci\363}{section.7}% 27
\BOOKMARK [2][-]{subsection.7.2}{Eina Web Interactiva}{section.7}% 28
\BOOKMARK [2][-]{subsection.7.3}{Eina d'an\340lisi de Discusions}{section.7}% 29
\BOOKMARK [1][-]{section.8}{Conclusions}{}% 30
\BOOKMARK [1][-]{section.9}{Bibliography}{}% 31
